mode: set
github.com/rafa-mori/lookatni-file-markers/md_to_html.go:63.13,66.16 2 0
github.com/rafa-mori/lookatni-file-markers/md_to_html.go:66.16,69.3 2 0
github.com/rafa-mori/lookatni-file-markers/md_to_html.go:72.2,77.16 4 0
github.com/rafa-mori/lookatni-file-markers/md_to_html.go:77.16,80.3 2 0
github.com/rafa-mori/lookatni-file-markers/md_to_html.go:81.2,83.35 2 0
github.com/rafa-mori/lookatni-file-markers/md_to_html.go:83.35,84.109 1 0
github.com/rafa-mori/lookatni-file-markers/md_to_html.go:84.109,87.18 2 0
github.com/rafa-mori/lookatni-file-markers/md_to_html.go:87.18,89.13 2 0
github.com/rafa-mori/lookatni-file-markers/md_to_html.go:92.4,93.49 1 0
github.com/rafa-mori/lookatni-file-markers/md_to_html.go:93.49,95.6 1 0
github.com/rafa-mori/lookatni-file-markers/md_to_html.go:99.4,99.66 1 0
github.com/rafa-mori/lookatni-file-markers/md_to_html.go:99.66,101.13 2 0
github.com/rafa-mori/lookatni-file-markers/md_to_html.go:104.4,105.49 1 0
github.com/rafa-mori/lookatni-file-markers/md_to_html.go:105.49,107.6 1 0
github.com/rafa-mori/lookatni-file-markers/md_to_html.go:112.4,114.18 3 0
github.com/rafa-mori/lookatni-file-markers/md_to_html.go:114.18,116.13 2 0
github.com/rafa-mori/lookatni-file-markers/md_to_html.go:120.4,123.18 3 0
github.com/rafa-mori/lookatni-file-markers/md_to_html.go:123.18,125.5 1 0
github.com/rafa-mori/lookatni-file-markers/md_to_html.go:125.10,128.91 2 0
github.com/rafa-mori/lookatni-file-markers/md_to_html.go:128.91,130.6 1 0
github.com/rafa-mori/lookatni-file-markers/md_to_html.go:136.2,136.70 1 0
github.com/rafa-mori/lookatni-file-markers/md_to_html.go:136.70,138.3 1 0
github.com/rafa-mori/lookatni-file-markers/md_to_html.go:139.2,139.64 1 0
github.com/rafa-mori/lookatni-file-markers/md_to_html.go:139.64,141.3 1 0
github.com/rafa-mori/lookatni-file-markers/md_to_html.go:144.104,147.16 2 0
github.com/rafa-mori/lookatni-file-markers/md_to_html.go:147.16,150.3 2 0
github.com/rafa-mori/lookatni-file-markers/md_to_html.go:152.2,153.54 2 0
github.com/rafa-mori/lookatni-file-markers/md_to_html.go:153.54,156.3 2 0
github.com/rafa-mori/lookatni-file-markers/md_to_html.go:158.2,166.28 2 0
github.com/rafa-mori/lookatni-file-markers/md_to_html.go:166.28,195.89 11 0
github.com/rafa-mori/lookatni-file-markers/md_to_html.go:195.89,198.4 2 0
github.com/rafa-mori/lookatni-file-markers/md_to_html.go:201.3,204.68 2 0
github.com/rafa-mori/lookatni-file-markers/md_to_html.go:204.68,207.4 2 0
github.com/rafa-mori/lookatni-file-markers/md_to_html.go:209.3,212.69 2 0
github.com/rafa-mori/lookatni-file-markers/md_to_html.go:212.69,214.4 1 0
github.com/rafa-mori/lookatni-file-markers/md_to_html.go:215.3,215.99 1 0
github.com/rafa-mori/lookatni-file-markers/md_to_html.go:215.99,217.4 1 0
github.com/rafa-mori/lookatni-file-markers/md_to_html.go:220.3,229.23 3 0
github.com/rafa-mori/lookatni-file-markers/md_to_html.go:230.8,233.3 2 0
github.com/rafa-mori/lookatni-file-markers/md_to_html.go:237.46,245.29 5 0
github.com/rafa-mori/lookatni-file-markers/md_to_html.go:245.29,246.20 1 0
github.com/rafa-mori/lookatni-file-markers/md_to_html.go:246.20,248.4 1 0
github.com/rafa-mori/lookatni-file-markers/md_to_html.go:251.2,251.33 1 0
github.com/rafa-mori/lookatni-file-markers/md_to_html.go:255.52,256.42 1 0
github.com/rafa-mori/lookatni-file-markers/md_to_html.go:256.42,258.3 1 0
github.com/rafa-mori/lookatni-file-markers/md_to_html.go:258.8,258.47 1 0
github.com/rafa-mori/lookatni-file-markers/md_to_html.go:258.47,260.3 1 0
github.com/rafa-mori/lookatni-file-markers/md_to_html.go:260.8,262.3 1 0
github.com/rafa-mori/lookatni-file-markers/md_to_html.go:266.44,267.42 1 0
github.com/rafa-mori/lookatni-file-markers/md_to_html.go:267.42,269.3 1 0
github.com/rafa-mori/lookatni-file-markers/md_to_html.go:269.8,269.47 1 0
github.com/rafa-mori/lookatni-file-markers/md_to_html.go:269.47,271.3 1 0
github.com/rafa-mori/lookatni-file-markers/md_to_html.go:271.8,273.3 1 0
github.com/rafa-mori/lookatni-file-markers/md_to_html.go:277.66,279.16 2 0
github.com/rafa-mori/lookatni-file-markers/md_to_html.go:279.16,281.3 1 0
github.com/rafa-mori/lookatni-file-markers/md_to_html.go:283.2,301.71 6 0
github.com/rafa-mori/lookatni-file-markers/md_to_html.go:301.71,303.3 1 0
github.com/rafa-mori/lookatni-file-markers/md_to_html.go:306.2,306.84 1 0
github.com/rafa-mori/lookatni-file-markers/md_to_html.go:306.84,308.3 1 0
github.com/rafa-mori/lookatni-file-markers/md_to_html.go:310.2,311.12 2 0
github.com/rafa-mori/lookatni-file-markers/md_to_html.go:315.54,317.16 2 0
github.com/rafa-mori/lookatni-file-markers/md_to_html.go:317.16,319.3 1 0
github.com/rafa-mori/lookatni-file-markers/md_to_html.go:320.2,327.74 4 0
github.com/rafa-mori/lookatni-file-markers/md_to_html.go:373.65,376.55 2 0
github.com/rafa-mori/lookatni-file-markers/md_to_html.go:376.55,378.58 2 0
github.com/rafa-mori/lookatni-file-markers/md_to_html.go:378.58,381.4 1 0
github.com/rafa-mori/lookatni-file-markers/md_to_html.go:382.3,382.24 1 0
github.com/rafa-mori/lookatni-file-markers/md_to_html.go:385.2,386.71 2 0
github.com/rafa-mori/lookatni-file-markers/md_to_html.go:386.71,388.18 2 0
github.com/rafa-mori/lookatni-file-markers/md_to_html.go:388.18,390.4 1 0
github.com/rafa-mori/lookatni-file-markers/md_to_html.go:391.3,396.63 5 0
github.com/rafa-mori/lookatni-file-markers/md_to_html.go:396.63,399.4 1 0
github.com/rafa-mori/lookatni-file-markers/md_to_html.go:402.3,403.16 2 0
github.com/rafa-mori/lookatni-file-markers/md_to_html.go:403.16,404.31 1 0
github.com/rafa-mori/lookatni-file-markers/md_to_html.go:404.31,406.5 1 0
github.com/rafa-mori/lookatni-file-markers/md_to_html.go:407.4,407.36 1 0
github.com/rafa-mori/lookatni-file-markers/md_to_html.go:407.36,409.5 1 0
github.com/rafa-mori/lookatni-file-markers/md_to_html.go:410.4,410.38 1 0
github.com/rafa-mori/lookatni-file-markers/md_to_html.go:410.38,412.5 1 0
github.com/rafa-mori/lookatni-file-markers/md_to_html.go:414.3,414.20 1 0
github.com/rafa-mori/lookatni-file-markers/md_to_html.go:414.20,416.4 1 0
github.com/rafa-mori/lookatni-file-markers/md_to_html.go:417.3,417.20 1 0
github.com/rafa-mori/lookatni-file-markers/md_to_html.go:417.20,419.4 1 0
github.com/rafa-mori/lookatni-file-markers/md_to_html.go:420.3,420.23 1 0
github.com/rafa-mori/lookatni-file-markers/md_to_html.go:420.23,422.4 1 0
github.com/rafa-mori/lookatni-file-markers/md_to_html.go:423.3,423.31 1 0
github.com/rafa-mori/lookatni-file-markers/md_to_html.go:423.31,425.4 1 0
github.com/rafa-mori/lookatni-file-markers/md_to_html.go:427.3,432.32 4 0
github.com/rafa-mori/lookatni-file-markers/md_to_html.go:432.32,438.4 2 0
github.com/rafa-mori/lookatni-file-markers/md_to_html.go:439.3,449.19 4 0
github.com/rafa-mori/lookatni-file-markers/md_to_html.go:452.2,452.26 1 0
github.com/rafa-mori/lookatni-file-markers/md_to_html.go:455.48,457.64 2 0
github.com/rafa-mori/lookatni-file-markers/md_to_html.go:457.64,458.18 1 0
github.com/rafa-mori/lookatni-file-markers/md_to_html.go:458.18,459.12 1 0
github.com/rafa-mori/lookatni-file-markers/md_to_html.go:461.3,464.67 3 0
github.com/rafa-mori/lookatni-file-markers/md_to_html.go:464.67,466.4 1 0
github.com/rafa-mori/lookatni-file-markers/md_to_html.go:466.9,466.72 1 0
github.com/rafa-mori/lookatni-file-markers/md_to_html.go:466.72,469.48 3 0
github.com/rafa-mori/lookatni-file-markers/md_to_html.go:469.48,472.17 3 0
github.com/rafa-mori/lookatni-file-markers/md_to_html.go:472.17,474.6 1 0
github.com/rafa-mori/lookatni-file-markers/md_to_html.go:476.4,476.26 1 0
github.com/rafa-mori/lookatni-file-markers/md_to_html.go:476.26,478.5 1 0
github.com/rafa-mori/lookatni-file-markers/md_to_html.go:479.4,479.12 1 0
github.com/rafa-mori/lookatni-file-markers/md_to_html.go:481.3,481.14 1 0
github.com/rafa-mori/lookatni-file-markers/md_to_html.go:482.13,483.15 1 0
github.com/rafa-mori/lookatni-file-markers/md_to_html.go:484.15,485.17 1 0
github.com/rafa-mori/lookatni-file-markers/md_to_html.go:486.20,488.17 1 0
github.com/rafa-mori/lookatni-file-markers/md_to_html.go:488.17,490.5 1 0
github.com/rafa-mori/lookatni-file-markers/md_to_html.go:493.2,493.11 1 0
github.com/rafa-mori/lookatni-file-markers/md_to_html.go:497.64,504.67 3 0
github.com/rafa-mori/lookatni-file-markers/md_to_html.go:504.67,505.16 1 0
github.com/rafa-mori/lookatni-file-markers/md_to_html.go:505.16,507.4 1 0
github.com/rafa-mori/lookatni-file-markers/md_to_html.go:508.3,508.36 1 0
github.com/rafa-mori/lookatni-file-markers/md_to_html.go:508.36,511.38 2 0
github.com/rafa-mori/lookatni-file-markers/md_to_html.go:511.38,512.35 1 0
github.com/rafa-mori/lookatni-file-markers/md_to_html.go:512.35,514.6 1 0
github.com/rafa-mori/lookatni-file-markers/md_to_html.go:516.4,518.70 3 0
github.com/rafa-mori/lookatni-file-markers/md_to_html.go:520.3,520.22 1 0
github.com/rafa-mori/lookatni-file-markers/md_to_html.go:522.2,524.74 3 0
github.com/rafa-mori/lookatni-file-markers/md_to_html.go:528.94,540.2 4 0
github.com/rafa-mori/lookatni-file-markers/md_to_html.go:542.31,547.22 4 0
github.com/rafa-mori/lookatni-file-markers/md_to_html.go:547.22,548.79 1 0
github.com/rafa-mori/lookatni-file-markers/md_to_html.go:548.79,549.16 1 0
github.com/rafa-mori/lookatni-file-markers/md_to_html.go:549.16,551.5 1 0
github.com/rafa-mori/lookatni-file-markers/md_to_html.go:552.4,552.16 1 0
github.com/rafa-mori/lookatni-file-markers/md_to_html.go:552.16,553.13 1 0
github.com/rafa-mori/lookatni-file-markers/md_to_html.go:553.13,554.14 1 0
github.com/rafa-mori/lookatni-file-markers/md_to_html.go:556.5,556.16 1 0
github.com/rafa-mori/lookatni-file-markers/md_to_html.go:557.10,559.5 1 0
github.com/rafa-mori/lookatni-file-markers/md_to_html.go:560.4,560.18 1 0
github.com/rafa-mori/lookatni-file-markers/md_to_html.go:563.2,565.12 3 0
github.com/rafa-mori/lookatni-file-markers/cmd/main.go:15.13,30.18 4 0
github.com/rafa-mori/lookatni-file-markers/cmd/main.go:30.18,35.3 4 0
github.com/rafa-mori/lookatni-file-markers/cmd/main.go:37.2,37.17 1 0
github.com/rafa-mori/lookatni-file-markers/cmd/main.go:37.17,41.40 3 0
github.com/rafa-mori/lookatni-file-markers/cmd/main.go:41.40,44.4 2 0
github.com/rafa-mori/lookatni-file-markers/cmd/main.go:45.3,45.9 1 0
github.com/rafa-mori/lookatni-file-markers/cmd/main.go:49.2,50.48 2 0
github.com/rafa-mori/lookatni-file-markers/cmd/main.go:50.48,53.3 2 0
github.com/rafa-mori/lookatni-file-markers/version/version.go:19.31,26.2 1 0
github.com/rafa-mori/lookatni-file-markers/logger/logger.go:28.33,30.18 2 0
github.com/rafa-mori/lookatni-file-markers/logger/logger.go:30.18,32.3 1 0
github.com/rafa-mori/lookatni-file-markers/logger/logger.go:34.2,41.3 1 0
github.com/rafa-mori/lookatni-file-markers/logger/logger.go:45.59,47.2 1 0
github.com/rafa-mori/lookatni-file-markers/logger/logger.go:50.59,52.2 1 0
github.com/rafa-mori/lookatni-file-markers/logger/logger.go:55.60,57.2 1 0
github.com/rafa-mori/lookatni-file-markers/logger/logger.go:60.60,61.15 1 0
github.com/rafa-mori/lookatni-file-markers/logger/logger.go:61.15,63.3 1 0
github.com/rafa-mori/lookatni-file-markers/logger/logger.go:67.75,70.2 2 0
github.com/rafa-mori/lookatni-file-markers/internal/app/app.go:27.35,30.16 2 0
github.com/rafa-mori/lookatni-file-markers/internal/app/app.go:30.16,34.3 2 0
github.com/rafa-mori/lookatni-file-markers/internal/app/app.go:36.2,40.3 1 0
github.com/rafa-mori/lookatni-file-markers/internal/app/app.go:44.40,45.20 1 0
github.com/rafa-mori/lookatni-file-markers/internal/app/app.go:45.20,47.3 1 0
github.com/rafa-mori/lookatni-file-markers/internal/app/app.go:49.2,50.17 2 0
github.com/rafa-mori/lookatni-file-markers/internal/app/app.go:51.17,52.36 1 0
github.com/rafa-mori/lookatni-file-markers/internal/app/app.go:53.18,54.37 1 0
github.com/rafa-mori/lookatni-file-markers/internal/app/app.go:55.19,56.38 1 0
github.com/rafa-mori/lookatni-file-markers/internal/app/app.go:57.18,58.37 1 0
github.com/rafa-mori/lookatni-file-markers/internal/app/app.go:59.14,60.22 1 0
github.com/rafa-mori/lookatni-file-markers/internal/app/app.go:61.10,62.52 1 0
github.com/rafa-mori/lookatni-file-markers/internal/app/app.go:67.51,68.19 1 0
github.com/rafa-mori/lookatni-file-markers/internal/app/app.go:68.19,70.3 1 0
github.com/rafa-mori/lookatni-file-markers/internal/app/app.go:72.2,82.31 4 0
github.com/rafa-mori/lookatni-file-markers/internal/app/app.go:82.31,83.14 1 0
github.com/rafa-mori/lookatni-file-markers/internal/app/app.go:84.22,85.28 1 0
github.com/rafa-mori/lookatni-file-markers/internal/app/app.go:86.24,87.29 1 0
github.com/rafa-mori/lookatni-file-markers/internal/app/app.go:88.20,89.25 1 0
github.com/rafa-mori/lookatni-file-markers/internal/app/app.go:93.2,96.16 3 0
github.com/rafa-mori/lookatni-file-markers/internal/app/app.go:96.16,98.3 1 0
github.com/rafa-mori/lookatni-file-markers/internal/app/app.go:100.2,100.28 1 0
github.com/rafa-mori/lookatni-file-markers/internal/app/app.go:100.28,102.40 2 0
github.com/rafa-mori/lookatni-file-markers/internal/app/app.go:102.40,104.4 1 0
github.com/rafa-mori/lookatni-file-markers/internal/app/app.go:107.2,107.20 1 0
github.com/rafa-mori/lookatni-file-markers/internal/app/app.go:107.20,109.3 1 0
github.com/rafa-mori/lookatni-file-markers/internal/app/app.go:109.8,111.3 1 0
github.com/rafa-mori/lookatni-file-markers/internal/app/app.go:113.2,113.45 1 0
github.com/rafa-mori/lookatni-file-markers/internal/app/app.go:113.45,114.21 1 0
github.com/rafa-mori/lookatni-file-markers/internal/app/app.go:114.21,116.4 1 0
github.com/rafa-mori/lookatni-file-markers/internal/app/app.go:116.9,118.4 1 0
github.com/rafa-mori/lookatni-file-markers/internal/app/app.go:121.2,121.12 1 0
github.com/rafa-mori/lookatni-file-markers/internal/app/app.go:125.52,126.20 1 0
github.com/rafa-mori/lookatni-file-markers/internal/app/app.go:126.20,128.3 1 0
github.com/rafa-mori/lookatni-file-markers/internal/app/app.go:130.2,134.16 4 0
github.com/rafa-mori/lookatni-file-markers/internal/app/app.go:134.16,136.3 1 0
github.com/rafa-mori/lookatni-file-markers/internal/app/app.go:138.2,138.20 1 0
github.com/rafa-mori/lookatni-file-markers/internal/app/app.go:138.20,140.3 1 0
github.com/rafa-mori/lookatni-file-markers/internal/app/app.go:140.8,142.3 1 0
github.com/rafa-mori/lookatni-file-markers/internal/app/app.go:144.2,144.28 1 0
github.com/rafa-mori/lookatni-file-markers/internal/app/app.go:144.28,146.40 2 0
github.com/rafa-mori/lookatni-file-markers/internal/app/app.go:146.40,148.4 1 0
github.com/rafa-mori/lookatni-file-markers/internal/app/app.go:151.2,151.40 1 0
github.com/rafa-mori/lookatni-file-markers/internal/app/app.go:151.40,153.49 2 0
github.com/rafa-mori/lookatni-file-markers/internal/app/app.go:153.49,155.4 1 0
github.com/rafa-mori/lookatni-file-markers/internal/app/app.go:158.2,158.38 1 0
github.com/rafa-mori/lookatni-file-markers/internal/app/app.go:158.38,160.51 2 0
github.com/rafa-mori/lookatni-file-markers/internal/app/app.go:160.51,162.4 1 0
github.com/rafa-mori/lookatni-file-markers/internal/app/app.go:165.2,170.12 5 0
github.com/rafa-mori/lookatni-file-markers/internal/app/app.go:174.53,175.19 1 0
github.com/rafa-mori/lookatni-file-markers/internal/app/app.go:175.19,177.3 1 0
github.com/rafa-mori/lookatni-file-markers/internal/app/app.go:179.2,185.16 5 0
github.com/rafa-mori/lookatni-file-markers/internal/app/app.go:185.16,187.3 1 0
github.com/rafa-mori/lookatni-file-markers/internal/app/app.go:189.2,192.18 3 0
github.com/rafa-mori/lookatni-file-markers/internal/app/app.go:192.18,195.17 2 0
github.com/rafa-mori/lookatni-file-markers/internal/app/app.go:195.17,197.4 1 0
github.com/rafa-mori/lookatni-file-markers/internal/app/app.go:199.3,199.33 1 0
github.com/rafa-mori/lookatni-file-markers/internal/app/app.go:199.33,200.64 1 0
github.com/rafa-mori/lookatni-file-markers/internal/app/app.go:200.64,201.13 1 0
github.com/rafa-mori/lookatni-file-markers/internal/app/app.go:204.4,204.54 1 0
github.com/rafa-mori/lookatni-file-markers/internal/app/app.go:204.54,205.13 1 0
github.com/rafa-mori/lookatni-file-markers/internal/app/app.go:208.4,210.18 3 0
github.com/rafa-mori/lookatni-file-markers/internal/app/app.go:210.18,212.13 2 0
github.com/rafa-mori/lookatni-file-markers/internal/app/app.go:215.4,216.18 2 0
github.com/rafa-mori/lookatni-file-markers/internal/app/app.go:216.18,218.13 2 0
github.com/rafa-mori/lookatni-file-markers/internal/app/app.go:221.4,224.85 2 0
github.com/rafa-mori/lookatni-file-markers/internal/app/app.go:224.85,226.5 1 0
github.com/rafa-mori/lookatni-file-markers/internal/app/app.go:228.4,228.70 1 0
github.com/rafa-mori/lookatni-file-markers/internal/app/app.go:230.8,232.39 1 0
github.com/rafa-mori/lookatni-file-markers/internal/app/app.go:232.39,234.4 1 0
github.com/rafa-mori/lookatni-file-markers/internal/app/app.go:236.3,237.17 2 0
github.com/rafa-mori/lookatni-file-markers/internal/app/app.go:237.17,239.4 1 0
github.com/rafa-mori/lookatni-file-markers/internal/app/app.go:241.3,243.17 3 0
github.com/rafa-mori/lookatni-file-markers/internal/app/app.go:243.17,245.4 1 0
github.com/rafa-mori/lookatni-file-markers/internal/app/app.go:247.3,248.84 2 0
github.com/rafa-mori/lookatni-file-markers/internal/app/app.go:248.84,250.4 1 0
github.com/rafa-mori/lookatni-file-markers/internal/app/app.go:254.2,254.20 1 0
github.com/rafa-mori/lookatni-file-markers/internal/app/app.go:254.20,255.81 1 0
github.com/rafa-mori/lookatni-file-markers/internal/app/app.go:255.81,257.4 1 0
github.com/rafa-mori/lookatni-file-markers/internal/app/app.go:258.3,258.65 1 0
github.com/rafa-mori/lookatni-file-markers/internal/app/app.go:261.2,262.12 2 0
github.com/rafa-mori/lookatni-file-markers/internal/app/app.go:266.52,269.2 2 0
github.com/rafa-mori/lookatni-file-markers/internal/app/app.go:272.32,299.2 3 0
github.com/rafa-mori/lookatni-file-markers/internal/transpiler/markdown.go:79.43,89.2 1 0
github.com/rafa-mori/lookatni-file-markers/internal/transpiler/markdown.go:92.114,102.53 5 0
github.com/rafa-mori/lookatni-file-markers/internal/transpiler/markdown.go:102.53,104.3 1 0
github.com/rafa-mori/lookatni-file-markers/internal/transpiler/markdown.go:107.2,121.76 9 0
github.com/rafa-mori/lookatni-file-markers/internal/transpiler/markdown.go:121.76,123.3 1 0
github.com/rafa-mori/lookatni-file-markers/internal/transpiler/markdown.go:126.2,126.69 1 0
github.com/rafa-mori/lookatni-file-markers/internal/transpiler/markdown.go:126.69,128.3 1 0
github.com/rafa-mori/lookatni-file-markers/internal/transpiler/markdown.go:130.2,130.96 1 0
github.com/rafa-mori/lookatni-file-markers/internal/transpiler/markdown.go:130.96,132.3 1 0
github.com/rafa-mori/lookatni-file-markers/internal/transpiler/markdown.go:135.2,136.16 2 0
github.com/rafa-mori/lookatni-file-markers/internal/transpiler/markdown.go:136.16,138.3 1 0
github.com/rafa-mori/lookatni-file-markers/internal/transpiler/markdown.go:140.2,148.22 2 0
github.com/rafa-mori/lookatni-file-markers/internal/transpiler/markdown.go:152.81,156.57 2 0
github.com/rafa-mori/lookatni-file-markers/internal/transpiler/markdown.go:156.57,158.58 2 0
github.com/rafa-mori/lookatni-file-markers/internal/transpiler/markdown.go:158.58,161.4 1 0
github.com/rafa-mori/lookatni-file-markers/internal/transpiler/markdown.go:162.3,162.24 1 0
github.com/rafa-mori/lookatni-file-markers/internal/transpiler/markdown.go:165.2,166.73 2 0
github.com/rafa-mori/lookatni-file-markers/internal/transpiler/markdown.go:166.73,168.18 2 0
github.com/rafa-mori/lookatni-file-markers/internal/transpiler/markdown.go:168.18,170.4 1 0
github.com/rafa-mori/lookatni-file-markers/internal/transpiler/markdown.go:172.3,177.63 5 0
github.com/rafa-mori/lookatni-file-markers/internal/transpiler/markdown.go:177.63,180.4 1 0
github.com/rafa-mori/lookatni-file-markers/internal/transpiler/markdown.go:183.3,184.16 2 0
github.com/rafa-mori/lookatni-file-markers/internal/transpiler/markdown.go:184.16,185.31 1 0
github.com/rafa-mori/lookatni-file-markers/internal/transpiler/markdown.go:185.31,187.5 1 0
github.com/rafa-mori/lookatni-file-markers/internal/transpiler/markdown.go:188.4,188.36 1 0
github.com/rafa-mori/lookatni-file-markers/internal/transpiler/markdown.go:188.36,190.5 1 0
github.com/rafa-mori/lookatni-file-markers/internal/transpiler/markdown.go:191.4,191.38 1 0
github.com/rafa-mori/lookatni-file-markers/internal/transpiler/markdown.go:191.38,193.5 1 0
github.com/rafa-mori/lookatni-file-markers/internal/transpiler/markdown.go:195.3,195.20 1 0
github.com/rafa-mori/lookatni-file-markers/internal/transpiler/markdown.go:195.20,197.4 1 0
github.com/rafa-mori/lookatni-file-markers/internal/transpiler/markdown.go:198.3,198.20 1 0
github.com/rafa-mori/lookatni-file-markers/internal/transpiler/markdown.go:198.20,200.4 1 0
github.com/rafa-mori/lookatni-file-markers/internal/transpiler/markdown.go:201.3,201.23 1 0
github.com/rafa-mori/lookatni-file-markers/internal/transpiler/markdown.go:201.23,203.4 1 0
github.com/rafa-mori/lookatni-file-markers/internal/transpiler/markdown.go:204.3,204.31 1 0
github.com/rafa-mori/lookatni-file-markers/internal/transpiler/markdown.go:204.31,206.4 1 0
github.com/rafa-mori/lookatni-file-markers/internal/transpiler/markdown.go:208.3,213.32 4 0
github.com/rafa-mori/lookatni-file-markers/internal/transpiler/markdown.go:213.32,219.4 2 0
github.com/rafa-mori/lookatni-file-markers/internal/transpiler/markdown.go:220.3,230.19 4 0
github.com/rafa-mori/lookatni-file-markers/internal/transpiler/markdown.go:233.2,233.26 1 0
github.com/rafa-mori/lookatni-file-markers/internal/transpiler/markdown.go:237.64,239.66 2 0
github.com/rafa-mori/lookatni-file-markers/internal/transpiler/markdown.go:239.66,240.18 1 0
github.com/rafa-mori/lookatni-file-markers/internal/transpiler/markdown.go:240.18,241.12 1 0
github.com/rafa-mori/lookatni-file-markers/internal/transpiler/markdown.go:243.3,247.67 3 0
github.com/rafa-mori/lookatni-file-markers/internal/transpiler/markdown.go:247.67,249.4 1 0
github.com/rafa-mori/lookatni-file-markers/internal/transpiler/markdown.go:249.9,249.72 1 0
github.com/rafa-mori/lookatni-file-markers/internal/transpiler/markdown.go:249.72,252.50 3 0
github.com/rafa-mori/lookatni-file-markers/internal/transpiler/markdown.go:252.50,255.17 3 0
github.com/rafa-mori/lookatni-file-markers/internal/transpiler/markdown.go:255.17,257.6 1 0
github.com/rafa-mori/lookatni-file-markers/internal/transpiler/markdown.go:259.4,259.26 1 0
github.com/rafa-mori/lookatni-file-markers/internal/transpiler/markdown.go:259.26,261.5 1 0
github.com/rafa-mori/lookatni-file-markers/internal/transpiler/markdown.go:262.4,262.12 1 0
github.com/rafa-mori/lookatni-file-markers/internal/transpiler/markdown.go:265.3,265.14 1 0
github.com/rafa-mori/lookatni-file-markers/internal/transpiler/markdown.go:266.13,267.15 1 0
github.com/rafa-mori/lookatni-file-markers/internal/transpiler/markdown.go:268.15,269.17 1 0
github.com/rafa-mori/lookatni-file-markers/internal/transpiler/markdown.go:270.20,272.17 1 0
github.com/rafa-mori/lookatni-file-markers/internal/transpiler/markdown.go:272.17,274.5 1 0
github.com/rafa-mori/lookatni-file-markers/internal/transpiler/markdown.go:277.2,277.11 1 0
github.com/rafa-mori/lookatni-file-markers/internal/transpiler/markdown.go:281.80,289.67 3 0
github.com/rafa-mori/lookatni-file-markers/internal/transpiler/markdown.go:289.67,290.16 1 0
github.com/rafa-mori/lookatni-file-markers/internal/transpiler/markdown.go:290.16,292.4 1 0
github.com/rafa-mori/lookatni-file-markers/internal/transpiler/markdown.go:293.3,293.36 1 0
github.com/rafa-mori/lookatni-file-markers/internal/transpiler/markdown.go:293.36,296.38 2 0
github.com/rafa-mori/lookatni-file-markers/internal/transpiler/markdown.go:296.38,297.35 1 0
github.com/rafa-mori/lookatni-file-markers/internal/transpiler/markdown.go:297.35,299.6 1 0
github.com/rafa-mori/lookatni-file-markers/internal/transpiler/markdown.go:301.4,303.70 3 0
github.com/rafa-mori/lookatni-file-markers/internal/transpiler/markdown.go:305.3,305.22 1 0
github.com/rafa-mori/lookatni-file-markers/internal/transpiler/markdown.go:308.2,310.74 3 0
github.com/rafa-mori/lookatni-file-markers/internal/transpiler/markdown.go:314.110,325.2 4 0
github.com/rafa-mori/lookatni-file-markers/internal/transpiler/markdown.go:328.60,334.29 4 0
github.com/rafa-mori/lookatni-file-markers/internal/transpiler/markdown.go:334.29,335.20 1 0
github.com/rafa-mori/lookatni-file-markers/internal/transpiler/markdown.go:335.20,337.4 1 0
github.com/rafa-mori/lookatni-file-markers/internal/transpiler/markdown.go:340.2,340.33 1 0
github.com/rafa-mori/lookatni-file-markers/internal/transpiler/markdown.go:344.66,345.34 1 0
github.com/rafa-mori/lookatni-file-markers/internal/transpiler/markdown.go:345.34,346.41 1 0
github.com/rafa-mori/lookatni-file-markers/internal/transpiler/markdown.go:346.41,348.4 1 0
github.com/rafa-mori/lookatni-file-markers/internal/transpiler/markdown.go:350.2,350.62 1 0
github.com/rafa-mori/lookatni-file-markers/internal/transpiler/markdown.go:354.59,355.40 1 0
github.com/rafa-mori/lookatni-file-markers/internal/transpiler/markdown.go:355.40,357.3 1 0
github.com/rafa-mori/lookatni-file-markers/internal/transpiler/markdown.go:358.2,358.79 1 0
github.com/rafa-mori/lookatni-file-markers/internal/transpiler/markdown.go:358.79,360.3 1 0
github.com/rafa-mori/lookatni-file-markers/internal/transpiler/markdown.go:361.2,361.15 1 0
github.com/rafa-mori/lookatni-file-markers/internal/transpiler/markdown.go:365.47,370.22 4 0
github.com/rafa-mori/lookatni-file-markers/internal/transpiler/markdown.go:370.22,371.79 1 0
github.com/rafa-mori/lookatni-file-markers/internal/transpiler/markdown.go:371.79,372.16 1 0
github.com/rafa-mori/lookatni-file-markers/internal/transpiler/markdown.go:372.16,374.5 1 0
github.com/rafa-mori/lookatni-file-markers/internal/transpiler/markdown.go:375.4,375.16 1 0
github.com/rafa-mori/lookatni-file-markers/internal/transpiler/markdown.go:375.16,376.13 1 0
github.com/rafa-mori/lookatni-file-markers/internal/transpiler/markdown.go:376.13,377.14 1 0
github.com/rafa-mori/lookatni-file-markers/internal/transpiler/markdown.go:379.5,379.16 1 0
github.com/rafa-mori/lookatni-file-markers/internal/transpiler/markdown.go:380.10,382.5 1 0
github.com/rafa-mori/lookatni-file-markers/internal/transpiler/markdown.go:383.4,383.18 1 0
github.com/rafa-mori/lookatni-file-markers/internal/transpiler/markdown.go:387.2,389.12 3 0
github.com/rafa-mori/lookatni-file-markers/internal/transpiler/markdown.go:393.100,419.29 3 0
github.com/rafa-mori/lookatni-file-markers/internal/transpiler/markdown.go:419.29,426.3 1 0
github.com/rafa-mori/lookatni-file-markers/internal/transpiler/markdown.go:428.2,434.102 2 0
github.com/rafa-mori/lookatni-file-markers/internal/transpiler/markdown.go:434.102,436.3 1 0
github.com/rafa-mori/lookatni-file-markers/internal/transpiler/markdown.go:439.2,446.73 3 0
github.com/rafa-mori/lookatni-file-markers/internal/vscode/server.go:24.54,50.2 2 0
github.com/rafa-mori/lookatni-file-markers/internal/vscode/server.go:53.32,69.2 9 0
github.com/rafa-mori/lookatni-file-markers/internal/vscode/server.go:97.72,98.33 1 0
github.com/rafa-mori/lookatni-file-markers/internal/vscode/server.go:98.33,101.3 2 0
github.com/rafa-mori/lookatni-file-markers/internal/vscode/server.go:103.2,104.61 2 0
github.com/rafa-mori/lookatni-file-markers/internal/vscode/server.go:104.61,107.3 2 0
github.com/rafa-mori/lookatni-file-markers/internal/vscode/server.go:109.2,112.16 3 0
github.com/rafa-mori/lookatni-file-markers/internal/vscode/server.go:112.16,115.3 2 0
github.com/rafa-mori/lookatni-file-markers/internal/vscode/server.go:117.2,117.26 1 0
github.com/rafa-mori/lookatni-file-markers/internal/vscode/server.go:121.73,122.33 1 0
github.com/rafa-mori/lookatni-file-markers/internal/vscode/server.go:122.33,125.3 2 0
github.com/rafa-mori/lookatni-file-markers/internal/vscode/server.go:127.2,128.61 2 0
github.com/rafa-mori/lookatni-file-markers/internal/vscode/server.go:128.61,131.3 2 0
github.com/rafa-mori/lookatni-file-markers/internal/vscode/server.go:133.2,136.16 3 0
github.com/rafa-mori/lookatni-file-markers/internal/vscode/server.go:136.16,139.3 2 0
github.com/rafa-mori/lookatni-file-markers/internal/vscode/server.go:141.2,141.26 1 0
github.com/rafa-mori/lookatni-file-markers/internal/vscode/server.go:145.74,146.33 1 0
github.com/rafa-mori/lookatni-file-markers/internal/vscode/server.go:146.33,149.3 2 0
github.com/rafa-mori/lookatni-file-markers/internal/vscode/server.go:151.2,152.61 2 0
github.com/rafa-mori/lookatni-file-markers/internal/vscode/server.go:152.61,155.3 2 0
github.com/rafa-mori/lookatni-file-markers/internal/vscode/server.go:157.2,167.26 3 0
github.com/rafa-mori/lookatni-file-markers/internal/vscode/server.go:171.71,178.2 2 0
github.com/rafa-mori/lookatni-file-markers/internal/vscode/server.go:181.71,189.2 3 0
github.com/rafa-mori/lookatni-file-markers/internal/vscode/server.go:192.83,201.2 4 0
github.com/rafa-mori/lookatni-file-markers/internal/vscode/server.go:204.65,205.71 1 0
github.com/rafa-mori/lookatni-file-markers/internal/vscode/server.go:205.71,212.28 4 0
github.com/rafa-mori/lookatni-file-markers/internal/vscode/server.go:212.28,215.4 2 0
github.com/rafa-mori/lookatni-file-markers/internal/vscode/server.go:217.3,217.23 1 0
github.com/rafa-mori/lookatni-file-markers/internal/parser/markers.go:61.26,72.2 4 0
github.com/rafa-mori/lookatni-file-markers/internal/parser/markers.go:75.81,77.16 2 0
github.com/rafa-mori/lookatni-file-markers/internal/parser/markers.go:77.16,79.3 1 0
github.com/rafa-mori/lookatni-file-markers/internal/parser/markers.go:80.2,82.45 2 0
github.com/rafa-mori/lookatni-file-markers/internal/parser/markers.go:86.103,98.21 6 0
github.com/rafa-mori/lookatni-file-markers/internal/parser/markers.go:98.21,103.69 3 0
github.com/rafa-mori/lookatni-file-markers/internal/parser/markers.go:103.69,105.28 1 0
github.com/rafa-mori/lookatni-file-markers/internal/parser/markers.go:105.28,107.5 1 0
github.com/rafa-mori/lookatni-file-markers/internal/parser/markers.go:110.4,111.22 2 0
github.com/rafa-mori/lookatni-file-markers/internal/parser/markers.go:111.22,117.13 2 0
github.com/rafa-mori/lookatni-file-markers/internal/parser/markers.go:120.4,125.26 3 0
github.com/rafa-mori/lookatni-file-markers/internal/parser/markers.go:127.9,127.34 1 0
github.com/rafa-mori/lookatni-file-markers/internal/parser/markers.go:127.34,129.32 1 0
github.com/rafa-mori/lookatni-file-markers/internal/parser/markers.go:129.32,131.5 1 0
github.com/rafa-mori/lookatni-file-markers/internal/parser/markers.go:132.4,132.36 1 0
github.com/rafa-mori/lookatni-file-markers/internal/parser/markers.go:137.2,137.26 1 0
github.com/rafa-mori/lookatni-file-markers/internal/parser/markers.go:137.26,139.3 1 0
github.com/rafa-mori/lookatni-file-markers/internal/parser/markers.go:141.2,141.38 1 0
github.com/rafa-mori/lookatni-file-markers/internal/parser/markers.go:141.38,143.3 1 0
github.com/rafa-mori/lookatni-file-markers/internal/parser/markers.go:145.2,145.21 1 0
github.com/rafa-mori/lookatni-file-markers/internal/parser/markers.go:149.124,160.2 7 0
github.com/rafa-mori/lookatni-file-markers/internal/parser/markers.go:163.121,171.16 3 0
github.com/rafa-mori/lookatni-file-markers/internal/parser/markers.go:171.16,173.3 1 0
github.com/rafa-mori/lookatni-file-markers/internal/parser/markers.go:176.2,176.47 1 0
github.com/rafa-mori/lookatni-file-markers/internal/parser/markers.go:176.47,178.3 1 0
github.com/rafa-mori/lookatni-file-markers/internal/parser/markers.go:180.2,180.46 1 0
github.com/rafa-mori/lookatni-file-markers/internal/parser/markers.go:180.46,184.25 2 0
github.com/rafa-mori/lookatni-file-markers/internal/parser/markers.go:184.25,185.49 1 0
github.com/rafa-mori/lookatni-file-markers/internal/parser/markers.go:185.49,186.23 1 0
github.com/rafa-mori/lookatni-file-markers/internal/parser/markers.go:186.23,188.6 1 0
github.com/rafa-mori/lookatni-file-markers/internal/parser/markers.go:188.11,190.6 1 0
github.com/rafa-mori/lookatni-file-markers/internal/parser/markers.go:191.5,191.13 1 0
github.com/rafa-mori/lookatni-file-markers/internal/parser/markers.go:195.3,195.21 1 0
github.com/rafa-mori/lookatni-file-markers/internal/parser/markers.go:195.21,197.12 2 0
github.com/rafa-mori/lookatni-file-markers/internal/parser/markers.go:201.3,201.25 1 0
github.com/rafa-mori/lookatni-file-markers/internal/parser/markers.go:201.25,203.49 2 0
github.com/rafa-mori/lookatni-file-markers/internal/parser/markers.go:203.49,206.13 3 0
github.com/rafa-mori/lookatni-file-markers/internal/parser/markers.go:211.3,211.80 1 0
github.com/rafa-mori/lookatni-file-markers/internal/parser/markers.go:211.80,214.12 3 0
github.com/rafa-mori/lookatni-file-markers/internal/parser/markers.go:217.3,217.68 1 0
github.com/rafa-mori/lookatni-file-markers/internal/parser/markers.go:220.2,220.20 1 0
github.com/rafa-mori/lookatni-file-markers/internal/parser/markers.go:224.86,226.16 2 0
github.com/rafa-mori/lookatni-file-markers/internal/parser/markers.go:226.16,228.3 1 0
github.com/rafa-mori/lookatni-file-markers/internal/parser/markers.go:230.2,242.47 2 0
github.com/rafa-mori/lookatni-file-markers/internal/parser/markers.go:242.47,244.3 1 0
github.com/rafa-mori/lookatni-file-markers/internal/parser/markers.go:247.2,248.46 2 0
github.com/rafa-mori/lookatni-file-markers/internal/parser/markers.go:248.46,252.46 2 0
github.com/rafa-mori/lookatni-file-markers/internal/parser/markers.go:252.46,254.4 1 0
github.com/rafa-mori/lookatni-file-markers/internal/parser/markers.go:257.3,257.43 1 0
github.com/rafa-mori/lookatni-file-markers/internal/parser/markers.go:257.43,259.4 1 0
github.com/rafa-mori/lookatni-file-markers/internal/parser/markers.go:263.2,263.45 1 0
github.com/rafa-mori/lookatni-file-markers/internal/parser/markers.go:263.45,264.16 1 0
github.com/rafa-mori/lookatni-file-markers/internal/parser/markers.go:264.16,266.4 1 0
github.com/rafa-mori/lookatni-file-markers/internal/parser/markers.go:270.2,270.126 1 0
github.com/rafa-mori/lookatni-file-markers/internal/parser/markers.go:270.126,272.3 1 0
github.com/rafa-mori/lookatni-file-markers/internal/parser/markers.go:274.2,274.24 1 0
github.com/rafa-mori/lookatni-file-markers/internal/parser/markers.go:300.63,301.20 1 0
github.com/rafa-mori/lookatni-file-markers/internal/parser/markers.go:301.20,303.3 1 0
github.com/rafa-mori/lookatni-file-markers/internal/parser/markers.go:306.2,307.36 2 0
github.com/rafa-mori/lookatni-file-markers/internal/parser/markers.go:307.36,308.39 1 0
github.com/rafa-mori/lookatni-file-markers/internal/parser/markers.go:308.39,310.4 1 0
github.com/rafa-mori/lookatni-file-markers/internal/parser/markers.go:314.2,316.31 3 0
github.com/rafa-mori/lookatni-file-markers/internal/parser/markers.go:316.31,317.56 1 0
github.com/rafa-mori/lookatni-file-markers/internal/parser/markers.go:317.56,319.4 1 0
github.com/rafa-mori/lookatni-file-markers/internal/parser/markers.go:322.2,322.13 1 0
